<?xml version="1.0" encoding="utf-8"?><testsuites name="pytest tests"><testsuite name="pytest" errors="0" failures="0" skipped="0" tests="22" time="12.084" timestamp="2026-05-13T09:40:44.575723+00:00" hostname="agent-env-74536934-7ae4-430e-98cd-d28afed8f479"><testcase classname="backend.tests.test_iter50_full_regression.TestStartupHealth" name="test_health_200" time="0.268" /><testcase classname="backend.tests.test_iter50_full_regression.TestStartupHealth" name="test_root_running" time="0.103" /><testcase classname="backend.tests.test_iter50_full_regression.TestSoldByAttribution" name="test_patch_satildi_persists_sold_by" time="1.382" /><testcase classname="backend.tests.test_iter50_full_regression.TestTransactionsBatch" name="test_batch_create" time="0.585" /><testcase classname="backend.tests.test_iter50_full_regression.TestTransactionsBatch" name="test_batch_empty_400" time="0.105" /><testcase classname="backend.tests.test_iter50_full_regression.TestTransactionsBatch" name="test_batch_too_large_400" time="0.105" /><testcase classname="backend.tests.test_iter50_full_regression.TestSatisRoleBlockedFromCapital" name="test_satis_get_capital_403" time="1.158" /><testcase classname="backend.tests.test_iter50_full_regression.TestSatisRoleBlockedFromCapital" name="test_satis_capital_movements_403" time="0.108" /><testcase classname="backend.tests.test_iter50_full_regression.TestSatisRoleBlockedFromCapital" name="test_satis_capital_adjust_403" time="0.098" /><testcase classname="backend.tests.test_iter50_full_regression.TestSatisRoleBlockedFromCapital" name="test_users_post_persists_name_and_me_returns_it" time="0.226" /><testcase classname="backend.tests.test_iter50_full_regression.TestPermissionsRealtime" name="test_permissions_version_bumps_on_put" time="0.680" /><testcase classname="backend.tests.test_iter50_full_regression.TestMigrationIdempotency" name="test_backfill_runs_twice_without_error" time="0.100" /><testcase classname="backend.tests.test_iter51_sold_by_fields.TestSoldByFieldsInCarResponse" name="test_get_cars_list_contains_sold_by_fields" time="0.741" /><testcase classname="backend.tests.test_iter51_sold_by_fields.TestSoldByFieldsInCarResponse" name="test_patch_satildi_then_get_returns_sold_by" time="0.518" /><testcase classname="backend.tests.test_iter52_founding_capital.TestFoundingCapitalFieldExposure" name="test_get_capital_contains_founding_capital_key" time="0.768" /><testcase classname="backend.tests.test_iter52_founding_capital.TestFoundingCapitalPersistence" name="test_put_founding_persists_and_get_reflects" time="0.325" /><testcase classname="backend.tests.test_iter52_founding_capital.TestFoundingCapitalPersistence" name="test_put_founding_zero_accepted" time="0.203" /><testcase classname="backend.tests.test_iter52_founding_capital.TestFoundingCapitalPersistence" name="test_put_founding_negative_rejected" time="0.127" /><testcase classname="backend.tests.test_iter52_founding_capital.TestSatisRoleBlockedFromFounding" name="test_satis_get_capital_403" time="1.071" /><testcase classname="backend.tests.test_iter52_founding_capital.TestSatisRoleBlockedFromFounding" name="test_satis_put_founding_403" time="0.312" /><testcase classname="backend.tests.test_iter55_stock_expenses.TestStockExpensesReactivity" name="test_full_flow" time="2.305" /><testcase classname="backend.tests.test_iter55_stock_expenses.TestStockExpensesReactivity" name="test_excluded_categories_do_not_count" time="0.720" /></testsuite></testsuites>