<?xml version="1.0" encoding="utf-8"?><testsuites name="pytest tests"><testsuite name="pytest" errors="0" failures="0" skipped="0" tests="9" time="4.106" timestamp="2026-05-01T08:38:43.458566+00:00" hostname="agent-env-74536934-7ae4-430e-98cd-d28afed8f479"><testcase classname="backend.tests.test_iter44.TestTransactionActivityLogs" name="test_create_transaction_logs_activity" time="1.756" /><testcase classname="backend.tests.test_iter44.TestActivityLogsDateFilter" name="test_date_range_filter" time="0.103" /><testcase classname="backend.tests.test_iter44.TestActivityLogsDateFilter" name="test_old_end_date_returns_empty" time="0.111" /><testcase classname="backend.tests.test_iter44.TestSalesBreakdown" name="test_monthly_breakdown_shape" time="0.110" /><testcase classname="backend.tests.test_iter44.TestSalesBreakdown" name="test_yearly_breakdown_shape" time="0.109" /><testcase classname="backend.tests.test_iter44.TestDigest" name="test_preview_admin" time="0.123" /><testcase classname="backend.tests.test_iter44.TestDigest" name="test_preview_forbidden_for_satis" time="1.138" /><testcase classname="backend.tests.test_iter44.TestDigest" name="test_send_now_admin" time="0.367" /><testcase classname="backend.tests.test_iter44.TestDigest" name="test_send_now_forbidden_for_satis" time="0.219" /></testsuite></testsuites>