<?xml version="1.0" encoding="utf-8"?><testsuites name="pytest tests"><testsuite name="pytest" errors="0" failures="0" skipped="0" tests="6" time="57.850" timestamp="2026-05-13T09:39:41.599590+00:00" hostname="agent-env-74536934-7ae4-430e-98cd-d28afed8f479"><testcase classname="backend.tests.test_iter57_ai_render.TestAIRenderValidation" name="test_requires_auth" time="0.231" /><testcase classname="backend.tests.test_iter57_ai_render.TestAIRenderValidation" name="test_rejects_non_image_mime" time="0.812" /><testcase classname="backend.tests.test_iter57_ai_render.TestAIRenderValidation" name="test_rejects_oversize" time="0.733" /><testcase classname="backend.tests.test_iter57_ai_render.TestAIRenderValidation" name="test_rejects_unknown_style" time="0.155" /><testcase classname="backend.tests.test_iter57_ai_render.TestAIRenderGeneration" name="test_render_studio_dark" time="24.440" /><testcase classname="backend.tests.test_iter57_ai_render.TestAIRenderGeneration" name="test_render_dramatic_lighting" time="31.406" /></testsuite></testsuites>