<?xml version="1.0" encoding="utf-8"?><testsuites name="pytest tests"><testsuite name="pytest" errors="0" failures="0" skipped="0" tests="5" time="2.563" timestamp="2026-05-01T08:06:23.597791+00:00" hostname="agent-env-74536934-7ae4-430e-98cd-d28afed8f479"><testcase classname="backend.tests.test_expertise_pdf" name="test_set_logo_via_profile" time="1.243" /><testcase classname="backend.tests.test_expertise_pdf" name="test_expertise_pdf_returns_pdf_with_logo" time="0.563" /><testcase classname="backend.tests.test_expertise_pdf" name="test_expertise_pdf_without_logo_still_works" time="0.346" /><testcase classname="backend.tests.test_expertise_pdf" name="test_expertise_pdf_404_for_unknown_car" time="0.111" /><testcase classname="backend.tests.test_expertise_pdf" name="test_expertise_pdf_requires_auth" time="0.249" /></testsuite></testsuites>