<?xml version="1.0" encoding="utf-8"?><testsuites name="pytest tests"><testsuite name="pytest" errors="0" failures="0" skipped="0" tests="11" time="4.230" timestamp="2026-05-01T09:22:09.508021+00:00" hostname="agent-env-74536934-7ae4-430e-98cd-d28afed8f479"><testcase classname="tests.test_iter45_p3.TestDigestSettings" name="test_get_settings_admin" time="1.111" /><testcase classname="tests.test_iter45_p3.TestDigestSettings" name="test_get_settings_satis_403" time="1.241" /><testcase classname="tests.test_iter45_p3.TestDigestSettings" name="test_put_settings_persists" time="0.322" /><testcase classname="tests.test_iter45_p3.TestWantedCars" name="test_create_wanted_invalid_customer" time="0.120" /><testcase classname="tests.test_iter45_p3.TestWantedCars" name="test_create_wanted" time="0.244" /><testcase classname="tests.test_iter45_p3.TestWantedCars" name="test_list_wanted" time="0.104" /><testcase classname="tests.test_iter45_p3.TestWantedCars" name="test_matches_endpoint" time="0.110" /><testcase classname="tests.test_iter45_p3.TestWantedCars" name="test_matches_for_car" time="0.224" /><testcase classname="tests.test_iter45_p3.TestWantedCars" name="test_delete_wanted" time="0.242" /><testcase classname="tests.test_iter45_p3.TestInstallmentsOverdue" name="test_overdue_list" time="0.122" /><testcase classname="tests.test_iter45_p3.TestStockAging" name="test_stock_aging" time="0.321" /></testsuite></testsuites>