<?xml version="1.0" encoding="utf-8"?><testsuites name="pytest tests"><testsuite name="pytest" errors="2" failures="0" skipped="0" tests="14" time="5.111" timestamp="2026-05-08T12:39:21.671825+00:00" hostname="agent-env-74536934-7ae4-430e-98cd-d28afed8f479"><testcase classname="tests.test_iter51_sold_by_fields.TestSoldByFieldsInCarResponse" name="test_get_cars_list_contains_sold_by_fields" time="0.001"><error message="failed on setup with &quot;requests.exceptions.MissingSchema: Invalid URL '/api/auth/login': No scheme supplied. Perhaps you meant https:///api/auth/login?&quot;">tests/test_iter51_sold_by_fields.py:17: in admin_headers
    r = requests.post(f"{BASE}/api/auth/login", json={"email": ADMIN_EMAIL, "password": ADMIN_PASS}, timeout=15)
        ^^^^^^^^^^^^^^^^^^^^^^^^^^^^^^^^^^^^^^^^^^^^^^^^^^^^^^^^^^^^^^^^^^^^^^^^^^^^^^^^^^^^^^^^^^^^^^^^^^^^^^^^
/root/.venv/lib/python3.11/site-packages/requests/api.py:115: in post
    return request("post", url, data=data, json=json, **kwargs)
           ^^^^^^^^^^^^^^^^^^^^^^^^^^^^^^^^^^^^^^^^^^^^^^^^^^^^
/root/.venv/lib/python3.11/site-packages/requests/api.py:59: in request
    return session.request(method=method, url=url, **kwargs)
           ^^^^^^^^^^^^^^^^^^^^^^^^^^^^^^^^^^^^^^^^^^^^^^^^^
/root/.venv/lib/python3.11/site-packages/requests/sessions.py:575: in request
    prep = self.prepare_request(req)
           ^^^^^^^^^^^^^^^^^^^^^^^^^
/root/.venv/lib/python3.11/site-packages/requests/sessions.py:484: in prepare_request
    p.prepare(
/root/.venv/lib/python3.11/site-packages/requests/models.py:367: in prepare
    self.prepare_url(url, params)
/root/.venv/lib/python3.11/site-packages/requests/models.py:438: in prepare_url
    raise MissingSchema(
E   requests.exceptions.MissingSchema: Invalid URL '/api/auth/login': No scheme supplied. Perhaps you meant https:///api/auth/login?</error></testcase><testcase classname="tests.test_iter51_sold_by_fields.TestSoldByFieldsInCarResponse" name="test_patch_satildi_then_get_returns_sold_by" time="0.000"><error message="failed on setup with &quot;requests.exceptions.MissingSchema: Invalid URL '/api/auth/login': No scheme supplied. Perhaps you meant https:///api/auth/login?&quot;">tests/test_iter51_sold_by_fields.py:17: in admin_headers
    r = requests.post(f"{BASE}/api/auth/login", json={"email": ADMIN_EMAIL, "password": ADMIN_PASS}, timeout=15)
        ^^^^^^^^^^^^^^^^^^^^^^^^^^^^^^^^^^^^^^^^^^^^^^^^^^^^^^^^^^^^^^^^^^^^^^^^^^^^^^^^^^^^^^^^^^^^^^^^^^^^^^^^
/root/.venv/lib/python3.11/site-packages/requests/api.py:115: in post
    return request("post", url, data=data, json=json, **kwargs)
           ^^^^^^^^^^^^^^^^^^^^^^^^^^^^^^^^^^^^^^^^^^^^^^^^^^^^
/root/.venv/lib/python3.11/site-packages/requests/api.py:59: in request
    return session.request(method=method, url=url, **kwargs)
           ^^^^^^^^^^^^^^^^^^^^^^^^^^^^^^^^^^^^^^^^^^^^^^^^^
/root/.venv/lib/python3.11/site-packages/requests/sessions.py:575: in request
    prep = self.prepare_request(req)
           ^^^^^^^^^^^^^^^^^^^^^^^^^
/root/.venv/lib/python3.11/site-packages/requests/sessions.py:484: in prepare_request
    p.prepare(
/root/.venv/lib/python3.11/site-packages/requests/models.py:367: in prepare
    self.prepare_url(url, params)
/root/.venv/lib/python3.11/site-packages/requests/models.py:438: in prepare_url
    raise MissingSchema(
E   requests.exceptions.MissingSchema: Invalid URL '/api/auth/login': No scheme supplied. Perhaps you meant https:///api/auth/login?</error></testcase><testcase classname="tests.test_iter50_full_regression.TestStartupHealth" name="test_health_200" time="0.237" /><testcase classname="tests.test_iter50_full_regression.TestStartupHealth" name="test_root_running" time="0.121" /><testcase classname="tests.test_iter50_full_regression.TestSoldByAttribution" name="test_patch_satildi_persists_sold_by" time="1.498" /><testcase classname="tests.test_iter50_full_regression.TestTransactionsBatch" name="test_batch_create" time="0.538" /><testcase classname="tests.test_iter50_full_regression.TestTransactionsBatch" name="test_batch_empty_400" time="0.107" /><testcase classname="tests.test_iter50_full_regression.TestTransactionsBatch" name="test_batch_too_large_400" time="0.103" /><testcase classname="tests.test_iter50_full_regression.TestSatisRoleBlockedFromCapital" name="test_satis_get_capital_403" time="1.135" /><testcase classname="tests.test_iter50_full_regression.TestSatisRoleBlockedFromCapital" name="test_satis_capital_movements_403" time="0.119" /><testcase classname="tests.test_iter50_full_regression.TestSatisRoleBlockedFromCapital" name="test_satis_capital_adjust_403" time="0.125" /><testcase classname="tests.test_iter50_full_regression.TestSatisRoleBlockedFromCapital" name="test_users_post_persists_name_and_me_returns_it" time="0.220" /><testcase classname="tests.test_iter50_full_regression.TestPermissionsRealtime" name="test_permissions_version_bumps_on_put" time="0.700" /><testcase classname="tests.test_iter50_full_regression.TestMigrationIdempotency" name="test_backfill_runs_twice_without_error" time="0.081" /></testsuite></testsuites>