<?xml version="1.0" encoding="utf-8"?><testsuites name="pytest tests"><testsuite name="pytest" errors="0" failures="0" skipped="0" tests="6" time="19.217" timestamp="2026-05-13T08:43:00.850735+00:00" hostname="agent-env-74536934-7ae4-430e-98cd-d28afed8f479"><testcase classname="backend.tests.test_iter56_ocr.TestOCRValidation" name="test_requires_auth" time="0.245" /><testcase classname="backend.tests.test_iter56_ocr.TestOCRValidation" name="test_rejects_non_image_mime" time="0.998" /><testcase classname="backend.tests.test_iter56_ocr.TestOCRValidation" name="test_rejects_oversize" time="0.460" /><testcase classname="backend.tests.test_iter56_ocr.TestOCRValidation" name="test_rejects_too_small" time="0.108" /><testcase classname="backend.tests.test_iter56_ocr.TestOCRExtraction" name="test_ruhsat_extraction" time="8.641" /><testcase classname="backend.tests.test_iter56_ocr.TestOCRExtraction" name="test_kimlik_extraction" time="8.669" /></testsuite></testsuites>