<?xml version="1.0" encoding="utf-8"?><testsuites name="pytest tests"><testsuite name="pytest" errors="0" failures="0" skipped="0" tests="11" time="11.938" timestamp="2026-05-01T08:17:19.204314+00:00" hostname="agent-env-74536934-7ae4-430e-98cd-d28afed8f479"><testcase classname="backend.tests.test_iter43_p2" name="test_get_activity_logs_default" time="0.865" /><testcase classname="backend.tests.test_iter43_p2" name="test_get_activity_logs_filter_entity" time="0.103" /><testcase classname="backend.tests.test_iter43_p2" name="test_get_activity_logs_filter_action" time="0.109" /><testcase classname="backend.tests.test_iter43_p2" name="test_post_car_creates_create_log" time="0.846" /><testcase classname="backend.tests.test_iter43_p2" name="test_patch_price_change_log" time="0.964" /><testcase classname="backend.tests.test_iter43_p2" name="test_patch_status_change_log" time="0.958" /><testcase classname="backend.tests.test_iter43_p2" name="test_delete_car_creates_delete_log" time="1.599" /><testcase classname="backend.tests.test_iter43_p2" name="test_user_crud_logs" time="2.358" /><testcase classname="backend.tests.test_iter43_p2" name="test_clear_logs_non_admin_forbidden" time="1.967" /><testcase classname="backend.tests.test_iter43_p2" name="test_employee_performance_admin" time="0.103" /><testcase classname="backend.tests.test_iter43_p2" name="test_employee_performance_satis_role_self_only" time="1.996" /></testsuite></testsuites>