<?xml version="1.0" encoding="utf-8"?><testsuites name="pytest tests"><testsuite name="pytest" errors="0" failures="0" skipped="0" tests="20" time="5.103" timestamp="2026-05-15T12:35:32.070299+00:00" hostname="agent-env-74536934-7ae4-430e-98cd-d28afed8f479"><testcase classname="tests.test_contracts_iter59" name="test_post_contracts_requires_auth" time="0.197" /><testcase classname="tests.test_contracts_iter59" name="test_get_contracts_requires_auth" time="0.101" /><testcase classname="tests.test_contracts_iter59" name="test_post_contracts_invalid_car_404" time="1.206" /><testcase classname="tests.test_contracts_iter59" name="test_post_contracts_invalid_customer_404" time="0.149" /><testcase classname="tests.test_contracts_iter59" name="test_list_excludes_signatures" time="0.498" /><testcase classname="tests.test_contracts_iter59" name="test_list_filter_by_car" time="0.105" /><testcase classname="tests.test_contracts_iter59" name="test_list_filter_by_customer" time="0.102" /><testcase classname="tests.test_contracts_iter59" name="test_list_filter_by_type" time="0.123" /><testcase classname="tests.test_contracts_iter59" name="test_get_single_includes_signatures" time="0.111" /><testcase classname="tests.test_contracts_iter59" name="test_get_nonexistent_404" time="0.108" /><testcase classname="tests.test_contracts_iter59" name="test_delete_soft_removes" time="0.459" /><testcase classname="tests.test_contracts_iter59" name="test_delete_nonexistent_404" time="0.119" /><testcase classname="tests.test_contracts_iter59" name="test_cross_org_isolation" time="0.619" /><testcase classname="tests.test_contracts_iter59" name="test_mongo_indexes_exist" time="0.099" /><testcase classname="tests.test_contracts_iter59" name="test_list_endpoint_fast" time="0.107" /><testcase classname="tests.test_contracts_iter59" name="test_health" time="0.123" /><testcase classname="tests.test_contracts_iter59" name="test_cars_list_regression" time="0.111" /><testcase classname="tests.test_contracts_iter59" name="test_customers_list_regression" time="0.115" /><testcase classname="tests.test_contracts_iter59" name="test_transactions_list_regression" time="0.106" /><testcase classname="tests.test_contracts_iter59" name="test_stats_regression" time="0.464" /></testsuite></testsuites>