<?xml version="1.0" encoding="utf-8"?><testsuites name="pytest tests"><testsuite name="pytest" errors="0" failures="0" skipped="0" tests="20" time="10.084" timestamp="2026-05-12T20:08:40.878552+00:00" hostname="agent-env-74536934-7ae4-430e-98cd-d28afed8f479"><testcase classname="tests.test_iter50_full_regression.TestStartupHealth" name="test_health_200" time="0.145" /><testcase classname="tests.test_iter50_full_regression.TestStartupHealth" name="test_root_running" time="0.127" /><testcase classname="tests.test_iter50_full_regression.TestSoldByAttribution" name="test_patch_satildi_persists_sold_by" time="1.503" /><testcase classname="tests.test_iter50_full_regression.TestTransactionsBatch" name="test_batch_create" time="0.730" /><testcase classname="tests.test_iter50_full_regression.TestTransactionsBatch" name="test_batch_empty_400" time="0.132" /><testcase classname="tests.test_iter50_full_regression.TestTransactionsBatch" name="test_batch_too_large_400" time="0.129" /><testcase classname="tests.test_iter50_full_regression.TestSatisRoleBlockedFromCapital" name="test_satis_get_capital_403" time="1.169" /><testcase classname="tests.test_iter50_full_regression.TestSatisRoleBlockedFromCapital" name="test_satis_capital_movements_403" time="0.138" /><testcase classname="tests.test_iter50_full_regression.TestSatisRoleBlockedFromCapital" name="test_satis_capital_adjust_403" time="0.124" /><testcase classname="tests.test_iter50_full_regression.TestSatisRoleBlockedFromCapital" name="test_users_post_persists_name_and_me_returns_it" time="0.272" /><testcase classname="tests.test_iter50_full_regression.TestPermissionsRealtime" name="test_permissions_version_bumps_on_put" time="0.835" /><testcase classname="tests.test_iter50_full_regression.TestMigrationIdempotency" name="test_backfill_runs_twice_without_error" time="0.084" /><testcase classname="tests.test_iter51_sold_by_fields.TestSoldByFieldsInCarResponse" name="test_get_cars_list_contains_sold_by_fields" time="0.830" /><testcase classname="tests.test_iter51_sold_by_fields.TestSoldByFieldsInCarResponse" name="test_patch_satildi_then_get_returns_sold_by" time="0.680" /><testcase classname="tests.test_iter52_founding_capital.TestFoundingCapitalFieldExposure" name="test_get_capital_contains_founding_capital_key" time="0.776" /><testcase classname="tests.test_iter52_founding_capital.TestFoundingCapitalPersistence" name="test_put_founding_persists_and_get_reflects" time="0.410" /><testcase classname="tests.test_iter52_founding_capital.TestFoundingCapitalPersistence" name="test_put_founding_zero_accepted" time="0.250" /><testcase classname="tests.test_iter52_founding_capital.TestFoundingCapitalPersistence" name="test_put_founding_negative_rejected" time="0.134" /><testcase classname="tests.test_iter52_founding_capital.TestSatisRoleBlockedFromFounding" name="test_satis_get_capital_403" time="1.154" /><testcase classname="tests.test_iter52_founding_capital.TestSatisRoleBlockedFromFounding" name="test_satis_put_founding_403" time="0.400" /></testsuite></testsuites>