<?xml version="1.0" encoding="utf-8"?><testsuites name="pytest tests"><testsuite name="pytest" errors="0" failures="0" skipped="0" tests="8" time="5.083" timestamp="2026-04-26T16:30:58.994385+00:00" hostname="agent-env-74536934-7ae4-430e-98cd-d28afed8f479"><testcase classname="backend.tests.test_iter35_partial_update_and_movements.TestCustomerPartialUpdate" name="test_create_customer_then_partial_update_type_only" time="1.744" /><testcase classname="backend.tests.test_iter35_partial_update_and_movements.TestCustomerPartialUpdate" name="test_partial_update_empty_body_no_error" time="0.483" /><testcase classname="backend.tests.test_iter35_partial_update_and_movements.TestCustomerPartialUpdate" name="test_partial_update_non_existent_returns_404" time="0.172" /><testcase classname="backend.tests.test_iter35_partial_update_and_movements.TestSaleFlowEndToEnd" name="test_full_sale_flow_no_422" time="1.029" /><testcase classname="backend.tests.test_iter35_partial_update_and_movements.TestCapitalMovementDelete" name="test_delete_manual_deposit_movement" time="0.507" /><testcase classname="backend.tests.test_iter35_partial_update_and_movements.TestCapitalMovementDelete" name="test_delete_tx_linked_movement_softdeletes_transaction" time="0.496" /><testcase classname="backend.tests.test_iter35_partial_update_and_movements.TestCapitalMovementDelete" name="test_delete_auto_movement_returns_400" time="0.468" /><testcase classname="backend.tests.test_iter35_partial_update_and_movements.TestCapitalMovementDelete" name="test_delete_nonexistent_movement_returns_404" time="0.137" /></testsuite></testsuites>