<?xml version="1.0" encoding="utf-8"?><testsuites name="pytest tests"><testsuite name="pytest" errors="0" failures="0" skipped="0" tests="9" time="2.344" timestamp="2026-04-26T15:37:32.683361+00:00" hostname="agent-env-74536934-7ae4-430e-98cd-d28afed8f479"><testcase classname="backend.tests.test_iter31" name="test_get_capital" time="0.764" /><testcase classname="backend.tests.test_iter31" name="test_get_capital_movements" time="0.049" /><testcase classname="backend.tests.test_iter31" name="test_branches_list" time="0.050" /><testcase classname="backend.tests.test_iter31" name="test_branches_crud" time="0.152" /><testcase classname="backend.tests.test_iter31" name="test_customer_delete" time="0.105" /><testcase classname="backend.tests.test_iter31" name="test_expense_allows_negative_capital" time="0.339" /><testcase classname="backend.tests.test_iter31" name="test_full_sale_flow" time="0.354" /><testcase classname="backend.tests.test_iter31" name="test_delete_manual_movement" time="0.284" /><testcase classname="backend.tests.test_iter31" name="test_delete_transaction_movement_blocked" time="0.200" /></testsuite></testsuites>