<?xml version="1.0" encoding="utf-8"?><testsuites name="pytest tests"><testsuite name="pytest" errors="0" failures="0" skipped="0" tests="4" time="4.073" timestamp="2026-05-07T13:04:03.624659+00:00" hostname="agent-env-74536934-7ae4-430e-98cd-d28afed8f479"><testcase classname="backend.tests.test_iter48_inline_expenses.TestInlineExpenseCreateCapitalDecrement" name="test_create_two_expenses_capital_drops" time="1.880" /><testcase classname="backend.tests.test_iter48_inline_expenses.TestInlineExpenseCreateCapitalDecrement" name="test_put_transaction_amount_updates_capital" time="0.393" /><testcase classname="backend.tests.test_iter48_inline_expenses.TestInlineExpenseCreateCapitalDecrement" name="test_delete_transaction_reverts_capital" time="0.533" /><testcase classname="backend.tests.test_iter48_inline_expenses.TestCascadeDeleteCar" name="test_cascade_delete_car_reverts_active_tx" time="1.205" /></testsuite></testsuites>