<?xml version="1.0" encoding="utf-8"?><testsuites name="pytest tests"><testsuite name="pytest" errors="0" failures="0" skipped="0" tests="13" time="4.709" timestamp="2026-05-07T10:59:24.373599+00:00" hostname="agent-env-74536934-7ae4-430e-98cd-d28afed8f479"><testcase classname="backend.tests.test_iter47_backlog8.TestPhoneValidation" name="test_customer_create_phone_10_digits_rejected" time="0.780" /><testcase classname="backend.tests.test_iter47_backlog8.TestPhoneValidation" name="test_customer_create_phone_11_digits_accepted" time="0.234" /><testcase classname="backend.tests.test_iter47_backlog8.TestPhoneValidation" name="test_customer_update_phone_validation" time="0.492" /><testcase classname="backend.tests.test_iter47_backlog8.TestCapitalVehicles" name="test_capital_has_vehicles_fields" time="0.105" /><testcase classname="backend.tests.test_iter47_backlog8.TestCustomerDetail" name="test_customer_detail_invalid_id" time="0.105" /><testcase classname="backend.tests.test_iter47_backlog8.TestCustomerDetail" name="test_customer_detail_shape" time="0.330" /><testcase classname="backend.tests.test_iter47_backlog8.TestSaleRevert" name="test_sale_cancel_reverts_customer_type" time="0.911" /><testcase classname="backend.tests.test_iter47_backlog8.TestBranchFilter" name="test_cars_branch_filter" time="0.308" /><testcase classname="backend.tests.test_iter47_backlog8.TestBranchFilter" name="test_customers_branch_filter" time="0.211" /><testcase classname="backend.tests.test_iter47_backlog8.TestBranchFilter" name="test_transactions_branch_filter" time="0.130" /><testcase classname="backend.tests.test_iter47_backlog8.TestBranchFilter" name="test_stats_branch_filter" time="0.232" /><testcase classname="backend.tests.test_iter47_backlog8.TestUserBranch" name="test_user_create_with_branch" time="0.640" /><testcase classname="backend.tests.test_iter47_backlog8.TestUserBranch" name="test_user_create_invalid_phone" time="0.179" /></testsuite></testsuites>