<?xml version="1.0" encoding="utf-8"?><testsuites name="pytest tests"><testsuite name="pytest" errors="0" failures="0" skipped="0" tests="14" time="8.332" timestamp="2026-05-08T12:19:53.274015+00:00" hostname="agent-env-74536934-7ae4-430e-98cd-d28afed8f479"><testcase classname="tests.test_iter50_full_regression.TestStartupHealth" name="test_health_200" time="0.170" /><testcase classname="tests.test_iter50_full_regression.TestStartupHealth" name="test_root_running" time="0.114" /><testcase classname="tests.test_iter50_full_regression.TestSoldByAttribution" name="test_patch_satildi_persists_sold_by" time="1.332" /><testcase classname="tests.test_iter50_full_regression.TestTransactionsBatch" name="test_batch_create" time="0.563" /><testcase classname="tests.test_iter50_full_regression.TestTransactionsBatch" name="test_batch_empty_400" time="0.104" /><testcase classname="tests.test_iter50_full_regression.TestTransactionsBatch" name="test_batch_too_large_400" time="0.125" /><testcase classname="tests.test_iter50_full_regression.TestSatisRoleBlockedFromCapital" name="test_satis_get_capital_403" time="1.114" /><testcase classname="tests.test_iter50_full_regression.TestSatisRoleBlockedFromCapital" name="test_satis_capital_movements_403" time="0.108" /><testcase classname="tests.test_iter50_full_regression.TestSatisRoleBlockedFromCapital" name="test_satis_capital_adjust_403" time="0.106" /><testcase classname="tests.test_iter50_full_regression.TestSatisRoleBlockedFromCapital" name="test_users_post_persists_name_and_me_returns_it" time="0.215" /><testcase classname="tests.test_iter50_full_regression.TestPermissionsRealtime" name="test_permissions_version_bumps_on_put" time="0.679" /><testcase classname="tests.test_iter50_full_regression.TestMigrationIdempotency" name="test_backfill_runs_twice_without_error" time="0.089" /><testcase classname="tests.test_iter50_seller_multi_car" name="test_seller_multi_car_lifecycle" time="2.003" /><testcase classname="tests.test_iter50_seller_multi_car" name="test_seller_change_via_put" time="1.540" /></testsuite></testsuites>