<?xml version="1.0" encoding="utf-8"?><testsuites name="pytest tests"><testsuite name="pytest" errors="0" failures="0" skipped="0" tests="6" time="2.453" timestamp="2026-03-07T21:12:54.844196+00:00" hostname="agent-env-714bc901-6e41-4bcd-9180-3e26e3b6a517"><testcase classname="backend.tests.test_permissions.TestPermissionsAPI" name="test_get_permissions_returns_default" time="0.513" /><testcase classname="backend.tests.test_permissions.TestPermissionsAPI" name="test_admin_can_update_permissions" time="0.600" /><testcase classname="backend.tests.test_permissions.TestPermissionsAPI" name="test_non_admin_cannot_update_permissions" time="0.810" /><testcase classname="backend.tests.test_permissions.TestPermissionsAPI" name="test_satis_can_read_permissions" time="0.135" /><testcase classname="backend.tests.test_permissions.TestPermissionKeys" name="test_all_permission_keys_exist" time="0.102" /><testcase classname="backend.tests.test_permissions.TestPermissionGroups" name="test_permission_groups_coverage" time="0.231" /></testsuite></testsuites>