<?xml version="1.0" encoding="utf-8"?><testsuites name="pytest tests"><testsuite name="pytest" errors="0" failures="1" skipped="0" tests="14" time="3.687" timestamp="2026-04-26T12:16:12.215025+00:00" hostname="agent-env-74536934-7ae4-430e-98cd-d28afed8f479"><testcase classname="backend.tests.test_branches_iter30.TestBranches" name="test_list_requires_auth" time="0.264" /><testcase classname="backend.tests.test_branches_iter30.TestBranches" name="test_list_initial_empty" time="0.511" /><testcase classname="backend.tests.test_branches_iter30.TestBranches" name="test_create_branch_requires_name" time="0.158" /><testcase classname="backend.tests.test_branches_iter30.TestBranches" name="test_create_branch_main" time="0.256" /><testcase classname="backend.tests.test_branches_iter30.TestBranches" name="test_is_main_exclusivity" time="0.340" /><testcase classname="backend.tests.test_branches_iter30.TestBranches" name="test_update_branch" time="0.380" /><testcase classname="backend.tests.test_branches_iter30.TestBranches" name="test_update_is_main_unique" time="0.433" /><testcase classname="backend.tests.test_branches_iter30.TestBranches" name="test_delete_branch_soft" time="0.360" /><testcase classname="backend.tests.test_branches_iter30.TestBranches" name="test_delete_branch_with_active_car_blocked" time="0.345"><failure message="AssertionError: Expected 400 (active car blocks), got 200 {&quot;success&quot;:true}&#10;assert 200 == 400&#10; +  where 200 = &lt;Response [200]&gt;.status_code">backend/tests/test_branches_iter30.py:145: in test_delete_branch_with_active_car_blocked
    assert dr.status_code == 400, f"Expected 400 (active car blocks), got {dr.status_code} {dr.text}"
E   AssertionError: Expected 400 (active car blocks), got 200 {"success":true}
E   assert 200 == 400
E    +  where 200 = &lt;Response [200]&gt;.status_code</failure></testcase><testcase classname="backend.tests.test_branches_iter30.TestBranches" name="test_update_nonexistent_branch_404" time="0.109" /><testcase classname="backend.tests.test_branches_iter30.TestBranches" name="test_delete_nonexistent_branch_404" time="0.108" /><testcase classname="backend.tests.test_branches_iter30.TestInstallments" name="test_list_installments" time="0.112" /><testcase classname="backend.tests.test_branches_iter30.TestCapitalTransactions" name="test_get_capital" time="0.112" /><testcase classname="backend.tests.test_branches_iter30.TestCapitalTransactions" name="test_list_transactions" time="0.109" /></testsuite></testsuites>