<?xml version="1.0" encoding="utf-8"?><testsuites name="pytest tests"><testsuite name="pytest" errors="0" failures="0" skipped="0" tests="17" time="9.809" timestamp="2026-02-26T21:43:52.530112+00:00" hostname="agent-env-8a74f62a-afcb-44ed-a277-6918f4f0fa17"><testcase classname="backend.tests.test_sale_revert_flow.TestSaleRevertFlow" name="test_01_get_existing_car" time="0.726" /><testcase classname="backend.tests.test_sale_revert_flow.TestSaleRevertFlow" name="test_02_verify_car_status_stokta" time="0.772" /><testcase classname="backend.tests.test_sale_revert_flow.TestSaleRevertFlow" name="test_03_sell_car" time="0.676" /><testcase classname="backend.tests.test_sale_revert_flow.TestSaleRevertFlow" name="test_04_verify_car_sold_status" time="0.478" /><testcase classname="backend.tests.test_sale_revert_flow.TestSaleRevertFlow" name="test_05_cancel_transaction_soft_delete" time="0.501" /><testcase classname="backend.tests.test_sale_revert_flow.TestSaleRevertFlow" name="test_06_revert_car_status_after_cancel" time="0.509" /><testcase classname="backend.tests.test_sale_revert_flow.TestSaleRevertFlow" name="test_07_verify_car_back_in_stock" time="0.490" /><testcase classname="backend.tests.test_sale_revert_flow.TestDepositFlow" name="test_01_get_car_for_deposit" time="0.495" /><testcase classname="backend.tests.test_sale_revert_flow.TestDepositFlow" name="test_02_add_deposit" time="0.598" /><testcase classname="backend.tests.test_sale_revert_flow.TestDepositFlow" name="test_03_cancel_deposit_reverts_status" time="0.618" /><testcase classname="backend.tests.test_sale_revert_flow.TestPermanentDelete" name="test_01_create_test_transaction" time="0.614" /><testcase classname="backend.tests.test_sale_revert_flow.TestPermanentDelete" name="test_02_verify_transaction_exists" time="0.466" /><testcase classname="backend.tests.test_sale_revert_flow.TestPermanentDelete" name="test_03_permanent_delete_transaction" time="0.484" /><testcase classname="backend.tests.test_sale_revert_flow.TestPermanentDelete" name="test_04_verify_transaction_gone" time="0.503" /><testcase classname="backend.tests.test_sale_revert_flow.TestPreventDoubleSale" name="test_01_get_car_and_sell_it" time="0.745" /><testcase classname="backend.tests.test_sale_revert_flow.TestPreventDoubleSale" name="test_02_verify_sold_status_check" time="0.503" /><testcase classname="backend.tests.test_sale_revert_flow.TestPreventDoubleSale" name="test_03_cleanup_reset_car_status" time="0.550" /></testsuite></testsuites>