<?xml version="1.0" encoding="utf-8"?><testsuites name="pytest tests"><testsuite name="pytest" errors="1" failures="0" skipped="0" tests="16" time="6.185" timestamp="2026-03-16T23:34:57.069111+00:00" hostname="agent-env-1118a0de-593b-4b79-982d-3494fef2cf53"><testcase classname="backend.tests.test_google_oauth_notifications.TestGoogleOAuthEndpoint" name="test_google_auth_without_session_id_returns_400" time="0.322" /><testcase classname="backend.tests.test_google_oauth_notifications.TestGoogleOAuthEndpoint" name="test_google_auth_with_empty_session_id_returns_400" time="0.140" /><testcase classname="backend.tests.test_google_oauth_notifications.TestGoogleOAuthEndpoint" name="test_google_auth_with_invalid_session_id_returns_401_or_502" time="0.198" /><testcase classname="backend.tests.test_google_oauth_notifications.TestGoogleOAuthEndpoint" name="test_google_auth_endpoint_exists" time="0.243" /><testcase classname="backend.tests.test_google_oauth_notifications.TestStandardAuthRegression" name="test_register_new_user_with_phone" time="0.337" /><testcase classname="backend.tests.test_google_oauth_notifications.TestStandardAuthRegression" name="test_login_existing_user" time="0.736" /><testcase classname="backend.tests.test_google_oauth_notifications.TestStandardAuthRegression" name="test_login_with_wrong_password_returns_401" time="0.124" /><testcase classname="backend.tests.test_google_oauth_notifications.TestStandardAuthRegression" name="test_register_with_short_password_returns_error" time="0.149" /><testcase classname="backend.tests.test_google_oauth_notifications.TestCRUDRegression" name="test_dashboard_stats_load" time="0.463" /><testcase classname="backend.tests.test_google_oauth_notifications.TestCRUDRegression" name="test_cars_list" time="0.462" /><testcase classname="backend.tests.test_google_oauth_notifications.TestCRUDRegression" name="test_customers_list" time="0.513" /><testcase classname="backend.tests.test_google_oauth_notifications.TestCRUDRegression" name="test_transactions_list" time="0.547" /><testcase classname="backend.tests.test_google_oauth_notifications.TestCRUDRegression" name="test_appointments_list" time="0.768" /><testcase classname="backend.tests.test_google_oauth_notifications.TestCRUDRegression" name="test_create_car" time="0.147"><error message="failed on setup with &quot;AssertionError: Auth failed: {&quot;detail&quot;:&quot;Çok fazla istek. Lütfen biraz bekleyin.&quot;}&#10;assert 429 == 200&#10; +  where 429 = &lt;Response [429]&gt;.status_code&quot;">backend/tests/test_google_oauth_notifications.py:138: in auth_token
    assert response.status_code == 200, f"Auth failed: {response.text}"
E   AssertionError: Auth failed: {"detail":"Çok fazla istek. Lütfen biraz bekleyin."}
E   assert 429 == 200
E    +  where 429 = &lt;Response [429]&gt;.status_code</error></testcase><testcase classname="backend.tests.test_google_oauth_notifications.TestCRUDRegression" name="test_create_customer" time="0.472" /><testcase classname="backend.tests.test_google_oauth_notifications.TestYearEndTransferRegression" name="test_year_end_transfers_list" time="0.473" /></testsuite></testsuites>