<?xml version="1.0" encoding="utf-8"?><testsuites name="pytest tests"><testsuite name="pytest" errors="0" failures="0" skipped="0" tests="7" time="5.059" timestamp="2026-02-25T20:54:34.012736+00:00" hostname="agent-env-25acd507-8847-481d-86f2-eae0985a7274"><testcase classname="backend.tests.test_appointments_api.TestAppointmentsAPI" name="test_get_appointments_list" time="0.699" /><testcase classname="backend.tests.test_appointments_api.TestAppointmentsAPI" name="test_create_appointment" time="0.906" /><testcase classname="backend.tests.test_appointments_api.TestAppointmentsAPI" name="test_update_appointment_status" time="1.067" /><testcase classname="backend.tests.test_appointments_api.TestAppointmentsAPI" name="test_delete_appointment" time="0.850" /><testcase classname="backend.tests.test_appointments_api.TestAppointmentsAPI" name="test_appointment_with_all_fields" time="0.733" /><testcase classname="backend.tests.test_appointments_api.TestAppointmentsAPI" name="test_unauthorized_access" time="0.557" /><testcase classname="backend.tests.test_appointments_api.TestServiceWorker" name="test_service_worker_accessible" time="0.174" /></testsuite></testsuites>