<?xml version="1.0" encoding="utf-8"?><testsuites name="pytest tests"><testsuite name="pytest" errors="0" failures="0" skipped="0" tests="14" time="3.833" timestamp="2026-03-03T23:34:44.064744+00:00" hostname="agent-env-30450240-7c84-4ce1-acbc-326cf1cfef51"><testcase classname="backend.tests.test_role_based_access.TestLoginReturnsRole" name="test_admin_login_returns_admin_role" time="0.379" /><testcase classname="backend.tests.test_role_based_access.TestLoginReturnsRole" name="test_satis_login_returns_satis_role" time="0.338" /><testcase classname="backend.tests.test_role_based_access.TestLoginReturnsRole" name="test_muhasebe_login_returns_muhasebe_role" time="0.355" /><testcase classname="backend.tests.test_role_based_access.TestAdminSeesAllOrgData" name="test_admin_sees_all_cars" time="0.488" /><testcase classname="backend.tests.test_role_based_access.TestSatisUserSeesOnlyOwnCars" name="test_satis_sees_only_own_cars" time="0.503" /><testcase classname="backend.tests.test_role_based_access.TestMuhasebeSeeesAllOrgData" name="test_muhasebe_sees_all_cars" time="0.511" /><testcase classname="backend.tests.test_role_based_access.TestOrgUsersEndpoint" name="test_org_users_returns_all_users" time="0.110" /><testcase classname="backend.tests.test_role_based_access.TestOrgUsersEndpoint" name="test_satis_can_access_org_users" time="0.106" /><testcase classname="backend.tests.test_role_based_access.TestUserCreationRequiresAdmin" name="test_admin_can_create_user" time="0.328" /><testcase classname="backend.tests.test_role_based_access.TestUserCreationRequiresAdmin" name="test_satis_cannot_create_user" time="0.161" /><testcase classname="backend.tests.test_role_based_access.TestUserCreationRequiresAdmin" name="test_muhasebe_cannot_create_user" time="0.130" /><testcase classname="backend.tests.test_role_based_access.TestUsersListEndpoint" name="test_admin_sees_all_users" time="0.132" /><testcase classname="backend.tests.test_role_based_access.TestUsersListEndpoint" name="test_satis_sees_only_self" time="0.115" /><testcase classname="backend.tests.test_role_based_access.TestEmployeesEndpoint" name="test_employees_returns_list" time="0.111" /></testsuite></testsuites>