<?xml version="1.0" encoding="utf-8"?><testsuites name="pytest tests"><testsuite name="pytest" errors="0" failures="2" skipped="0" tests="15" time="2.913" timestamp="2026-03-16T20:24:41.728250+00:00" hostname="agent-env-1118a0de-593b-4b79-982d-3494fef2cf53"><testcase classname="backend.tests.test_security_hardening.TestEmailValidation" name="test_register_invalid_email_no_at" time="0.203" /><testcase classname="backend.tests.test_security_hardening.TestEmailValidation" name="test_register_invalid_email_no_domain" time="0.117" /><testcase classname="backend.tests.test_security_hardening.TestEmailValidation" name="test_register_invalid_email_no_tld" time="0.130" /><testcase classname="backend.tests.test_security_hardening.TestEmailValidation" name="test_register_email_normalized_lowercase" time="0.473" /><testcase classname="backend.tests.test_security_hardening.TestPasswordPolicy" name="test_register_short_password_rejected" time="0.144" /><testcase classname="backend.tests.test_security_hardening.TestPasswordPolicy" name="test_register_password_exactly_8_chars_accepted" time="0.330" /><testcase classname="backend.tests.test_security_hardening.TestPasswordPolicy" name="test_profile_update_short_password_rejected" time="0.115"><failure message="assert 429 == 200&#10; +  where 429 = &lt;Response [429]&gt;.status_code">backend/tests/test_security_hardening.py:109: in test_profile_update_short_password_rejected
    assert reg_resp.status_code == 200
E   assert 429 == 200
E    +  where 429 = &lt;Response [429]&gt;.status_code</failure></testcase><testcase classname="backend.tests.test_security_hardening.TestPasswordPolicy" name="test_admin_create_user_short_password_rejected" time="0.137"><failure message="assert 429 == 200&#10; +  where 429 = &lt;Response [429]&gt;.status_code">backend/tests/test_security_hardening.py:131: in test_admin_create_user_short_password_rejected
    assert reg_resp.status_code == 200
E   assert 429 == 200
E    +  where 429 = &lt;Response [429]&gt;.status_code</failure></testcase><testcase classname="backend.tests.test_security_hardening.TestSecurityHeaders" name="test_health_endpoint_has_security_headers" time="0.120" /><testcase classname="backend.tests.test_security_hardening.TestSecurityHeaders" name="test_root_endpoint_has_security_headers" time="0.124" /><testcase classname="backend.tests.test_security_hardening.TestSecurityHeaders" name="test_auth_endpoint_has_security_headers" time="0.141" /><testcase classname="backend.tests.test_security_hardening.TestMongoDBInjectionPrevention" name="test_verify_email_rejects_dollar_prefix" time="0.138" /><testcase classname="backend.tests.test_security_hardening.TestMongoDBInjectionPrevention" name="test_login_rejects_dollar_prefix_email" time="0.123" /><testcase classname="backend.tests.test_security_hardening.TestRateLimiting" name="test_register_rate_limit_exists" time="0.395" /><testcase classname="backend.tests.test_security_hardening.TestRateLimiting" name="test_login_rate_limit_exists" time="0.140" /></testsuite></testsuites>