<?xml version="1.0" encoding="utf-8"?><testsuites name="pytest tests"><testsuite name="pytest" errors="0" failures="0" skipped="0" tests="51" time="13.922" timestamp="2026-03-16T20:11:18.769088+00:00" hostname="agent-env-1118a0de-593b-4b79-982d-3494fef2cf53"><testcase classname="tests.test_modular_backend.TestHealthCheck" name="test_health_endpoint" time="0.276" /><testcase classname="tests.test_modular_backend.TestHealthCheck" name="test_root_endpoint" time="0.191" /><testcase classname="tests.test_modular_backend.TestAuthModule" name="test_register_creates_admin_with_own_org" time="0.355" /><testcase classname="tests.test_modular_backend.TestAuthModule" name="test_register_returns_token" time="0.000" /><testcase classname="tests.test_modular_backend.TestAuthModule" name="test_login_returns_token_and_user" time="0.348" /><testcase classname="tests.test_modular_backend.TestAuthModule" name="test_login_invalid_credentials" time="0.155" /><testcase classname="tests.test_modular_backend.TestAuthModule" name="test_get_me" time="0.115" /><testcase classname="tests.test_modular_backend.TestAuthModule" name="test_update_profile" time="0.154" /><testcase classname="tests.test_modular_backend.TestOrgModule" name="test_get_org_owner" time="0.510" /><testcase classname="tests.test_modular_backend.TestCarsModule" name="test_create_car" time="0.454" /><testcase classname="tests.test_modular_backend.TestCarsModule" name="test_get_cars_list" time="0.146" /><testcase classname="tests.test_modular_backend.TestCarsModule" name="test_update_car" time="0.124" /><testcase classname="tests.test_modular_backend.TestCarsModule" name="test_patch_car_sold_by_auto_populate" time="0.117" /><testcase classname="tests.test_modular_backend.TestCarsModule" name="test_patch_car_status_revert_clears_sold_by" time="0.119" /><testcase classname="tests.test_modular_backend.TestCarsModule" name="test_delete_car_soft_delete" time="0.240" /><testcase classname="tests.test_modular_backend.TestCarsModule" name="test_restore_car" time="0.130" /><testcase classname="tests.test_modular_backend.TestCustomersModule" name="test_create_customer" time="0.498" /><testcase classname="tests.test_modular_backend.TestCustomersModule" name="test_get_customers_list" time="0.150" /><testcase classname="tests.test_modular_backend.TestCustomersModule" name="test_update_customer" time="0.161" /><testcase classname="tests.test_modular_backend.TestCustomersModule" name="test_delete_customer_soft_delete" time="0.168" /><testcase classname="tests.test_modular_backend.TestCustomersModule" name="test_restore_customer" time="0.117" /><testcase classname="tests.test_modular_backend.TestTransactionsModule" name="test_create_transaction" time="0.465" /><testcase classname="tests.test_modular_backend.TestTransactionsModule" name="test_get_transactions_list" time="0.146" /><testcase classname="tests.test_modular_backend.TestTransactionsModule" name="test_update_transaction" time="0.116" /><testcase classname="tests.test_modular_backend.TestTransactionsModule" name="test_delete_transaction_soft_delete" time="0.118" /><testcase classname="tests.test_modular_backend.TestTransactionsModule" name="test_restore_transaction" time="0.152" /><testcase classname="tests.test_modular_backend.TestAppointmentsModule" name="test_create_appointment" time="0.500" /><testcase classname="tests.test_modular_backend.TestAppointmentsModule" name="test_get_appointments_list" time="0.114" /><testcase classname="tests.test_modular_backend.TestAppointmentsModule" name="test_update_appointment" time="0.154" /><testcase classname="tests.test_modular_backend.TestAppointmentsModule" name="test_delete_appointment_soft_delete" time="0.154" /><testcase classname="tests.test_modular_backend.TestAppointmentsModule" name="test_restore_appointment" time="0.109" /><testcase classname="tests.test_modular_backend.TestStatsModule" name="test_get_stats" time="0.474" /><testcase classname="tests.test_modular_backend.TestPermissionsModule" name="test_get_permissions" time="0.511" /><testcase classname="tests.test_modular_backend.TestPermissionsModule" name="test_update_permissions_admin_only" time="0.127" /><testcase classname="tests.test_modular_backend.TestUsersModule" name="test_get_users" time="0.473" /><testcase classname="tests.test_modular_backend.TestUsersModule" name="test_create_user_admin_only" time="0.350" /><testcase classname="tests.test_modular_backend.TestUsersModule" name="test_update_user" time="0.233" /><testcase classname="tests.test_modular_backend.TestUsersModule" name="test_delete_user_admin_only" time="0.166" /><testcase classname="tests.test_modular_backend.TestUsersModule" name="test_cannot_delete_self" time="0.247" /><testcase classname="tests.test_modular_backend.TestUsersModule" name="test_get_employees" time="0.160" /><testcase classname="tests.test_modular_backend.TestUsersModule" name="test_get_org_users" time="0.142" /><testcase classname="tests.test_modular_backend.TestRoleBasedAccess" name="test_non_admin_cannot_create_user" time="1.202" /><testcase classname="tests.test_modular_backend.TestRoleBasedAccess" name="test_non_admin_cannot_delete_user" time="0.116" /><testcase classname="tests.test_modular_backend.TestRoleBasedAccess" name="test_non_admin_cannot_update_permissions" time="0.117" /><testcase classname="tests.test_modular_backend.TestMultiTenantIsolation" name="test_org2_cannot_see_org1_cars" time="0.937" /><testcase classname="tests.test_modular_backend.TestMultiTenantIsolation" name="test_org2_cannot_modify_org1_car" time="0.427" /><testcase classname="tests.test_modular_backend.TestMultiTenantIsolation" name="test_org2_cannot_delete_org1_car" time="0.114" /><testcase classname="tests.test_modular_backend.TestExportsModule" name="test_export_cars_word" time="0.497" /><testcase classname="tests.test_modular_backend.TestExportsModule" name="test_export_customers_word" time="0.163" /><testcase classname="tests.test_modular_backend.TestExportsModule" name="test_export_transactions_word" time="0.158" /><testcase classname="tests.test_modular_backend.TestEncryptionModule" name="test_encrypt_customer_data" time="0.623" /></testsuite></testsuites>