<?xml version="1.0" encoding="utf-8"?><testsuites name="pytest tests"><testsuite name="pytest" errors="0" failures="0" skipped="0" tests="8" time="9.536" timestamp="2026-03-16T23:18:05.621961+00:00" hostname="agent-env-1118a0de-593b-4b79-982d-3494fef2cf53"><testcase classname="backend.tests.test_photo_upload.TestPhotoUpload" name="test_upload_without_auth_returns_unauthorized" time="1.014" /><testcase classname="backend.tests.test_photo_upload.TestPhotoUpload" name="test_upload_png_success" time="1.193" /><testcase classname="backend.tests.test_photo_upload.TestPhotoUpload" name="test_download_file_with_auth_token" time="1.517" /><testcase classname="backend.tests.test_photo_upload.TestPhotoUpload" name="test_download_file_without_auth_returns_401" time="0.987" /><testcase classname="backend.tests.test_photo_upload.TestPhotoUpload" name="test_upload_non_image_rejected" time="0.975" /><testcase classname="backend.tests.test_photo_upload.TestPhotoUpload" name="test_upload_invalid_magic_bytes_rejected" time="0.905" /><testcase classname="backend.tests.test_photo_upload.TestPhotoUpload" name="test_create_car_with_photos" time="1.418" /><testcase classname="backend.tests.test_photo_upload.TestPhotoUpload" name="test_get_car_with_photos_intact" time="1.467" /></testsuite></testsuites>