<?xml version="1.0" encoding="utf-8"?><testsuites name="pytest tests"><testsuite name="pytest" errors="0" failures="0" skipped="0" tests="8" time="3.176" timestamp="2026-02-25T19:19:46.541307+00:00" hostname="agent-env-25acd507-8847-481d-86f2-eae0985a7274"><testcase classname="backend.tests.test_cars_api.TestAuth" name="test_health_check" time="0.225" /><testcase classname="backend.tests.test_cars_api.TestAuth" name="test_login_success" time="0.391" /><testcase classname="backend.tests.test_cars_api.TestAuth" name="test_login_invalid_credentials" time="0.160" /><testcase classname="backend.tests.test_cars_api.TestCars" name="test_get_cars" time="0.533" /><testcase classname="backend.tests.test_cars_api.TestCars" name="test_create_car_with_province_district" time="0.155" /><testcase classname="backend.tests.test_cars_api.TestCars" name="test_update_car_province_district" time="0.619" /><testcase classname="backend.tests.test_cars_api.TestCars" name="test_create_car_all_fields" time="0.119" /><testcase classname="backend.tests.test_cars_api.TestCleanup" name="test_cleanup_test_cars" time="0.869" /></testsuite></testsuites>