<?xml version="1.0" encoding="utf-8"?><testsuites name="pytest tests"><testsuite name="pytest" errors="4" failures="6" skipped="0" tests="26" time="5.577" timestamp="2026-03-16T20:19:48.602356+00:00" hostname="agent-env-1118a0de-593b-4b79-982d-3494fef2cf53"><testcase classname="backend.tests.test_security_hardening.TestEmailValidation" name="test_register_invalid_email_no_at" time="0.257" /><testcase classname="backend.tests.test_security_hardening.TestEmailValidation" name="test_register_invalid_email_no_domain" time="0.129" /><testcase classname="backend.tests.test_security_hardening.TestEmailValidation" name="test_register_invalid_email_no_tld" time="0.113" /><testcase classname="backend.tests.test_security_hardening.TestEmailValidation" name="test_register_email_normalized_lowercase" time="0.372" /><testcase classname="backend.tests.test_security_hardening.TestPasswordPolicy" name="test_register_short_password_rejected" time="0.139" /><testcase classname="backend.tests.test_security_hardening.TestPasswordPolicy" name="test_register_password_exactly_8_chars_accepted" time="0.348" /><testcase classname="backend.tests.test_security_hardening.TestPasswordPolicy" name="test_profile_update_short_password_rejected" time="0.565" /><testcase classname="backend.tests.test_security_hardening.TestPasswordPolicy" name="test_admin_create_user_short_password_rejected" time="0.482" /><testcase classname="backend.tests.test_security_hardening.TestSecurityHeaders" name="test_health_endpoint_has_security_headers" time="0.099" /><testcase classname="backend.tests.test_security_hardening.TestSecurityHeaders" name="test_root_endpoint_has_security_headers" time="0.123" /><testcase classname="backend.tests.test_security_hardening.TestSecurityHeaders" name="test_auth_endpoint_has_security_headers" time="0.144" /><testcase classname="backend.tests.test_security_hardening.TestSensitiveDataProtection" name="test_auth_me_no_password_hash" time="0.120"><failure message="assert 429 == 200&#10; +  where 429 = &lt;Response [429]&gt;.status_code">backend/tests/test_security_hardening.py:200: in test_auth_me_no_password_hash
    assert reg_resp.status_code == 200
E   assert 429 == 200
E    +  where 429 = &lt;Response [429]&gt;.status_code</failure></testcase><testcase classname="backend.tests.test_security_hardening.TestSensitiveDataProtection" name="test_users_list_no_password_hash" time="0.532" /><testcase classname="backend.tests.test_security_hardening.TestMongoDBInjectionPrevention" name="test_verify_email_rejects_dollar_prefix" time="0.114" /><testcase classname="backend.tests.test_security_hardening.TestMongoDBInjectionPrevention" name="test_login_rejects_dollar_prefix_email" time="0.125" /><testcase classname="backend.tests.test_security_hardening.TestRateLimiting" name="test_register_rate_limit_exists" time="0.377" /><testcase classname="backend.tests.test_security_hardening.TestRateLimiting" name="test_login_rate_limit_exists" time="0.144" /><testcase classname="backend.tests.test_security_hardening.TestRegressionExistingCRUD" name="test_cars_crud_works" time="0.118"><error message="failed on setup with &quot;assert 429 == 200&#10; +  where 429 = &lt;Response [429]&gt;.status_code&quot;">backend/tests/test_security_hardening.py:313: in setup
    assert reg_resp.status_code == 200
E   assert 429 == 200
E    +  where 429 = &lt;Response [429]&gt;.status_code</error></testcase><testcase classname="backend.tests.test_security_hardening.TestRegressionExistingCRUD" name="test_customers_crud_works" time="0.114"><error message="failed on setup with &quot;assert 429 == 200&#10; +  where 429 = &lt;Response [429]&gt;.status_code&quot;">backend/tests/test_security_hardening.py:313: in setup
    assert reg_resp.status_code == 200
E   assert 429 == 200
E    +  where 429 = &lt;Response [429]&gt;.status_code</error></testcase><testcase classname="backend.tests.test_security_hardening.TestRegressionExistingCRUD" name="test_transactions_crud_works" time="0.187"><error message="failed on setup with &quot;assert 429 == 200&#10; +  where 429 = &lt;Response [429]&gt;.status_code&quot;">backend/tests/test_security_hardening.py:313: in setup
    assert reg_resp.status_code == 200
E   assert 429 == 200
E    +  where 429 = &lt;Response [429]&gt;.status_code</error></testcase><testcase classname="backend.tests.test_security_hardening.TestRegressionExistingCRUD" name="test_appointments_crud_works" time="0.114"><error message="failed on setup with &quot;assert 429 == 200&#10; +  where 429 = &lt;Response [429]&gt;.status_code&quot;">backend/tests/test_security_hardening.py:313: in setup
    assert reg_resp.status_code == 200
E   assert 429 == 200
E    +  where 429 = &lt;Response [429]&gt;.status_code</error></testcase><testcase classname="backend.tests.test_security_hardening.TestRegressionMultiTenant" name="test_org_isolation" time="0.113"><failure message="assert 429 == 200&#10; +  where 429 = &lt;Response [429]&gt;.status_code">backend/tests/test_security_hardening.py:432: in test_org_isolation
    assert org1_resp.status_code == 200
E   assert 429 == 200
E    +  where 429 = &lt;Response [429]&gt;.status_code</failure></testcase><testcase classname="backend.tests.test_security_hardening.TestRegressionRBAC" name="test_non_admin_cannot_create_user" time="0.133"><failure message="assert 429 == 200&#10; +  where 429 = &lt;Response [429]&gt;.status_code">backend/tests/test_security_hardening.py:480: in test_non_admin_cannot_create_user
    assert admin_resp.status_code == 200
E   assert 429 == 200
E    +  where 429 = &lt;Response [429]&gt;.status_code</failure></testcase><testcase classname="backend.tests.test_security_hardening.TestRegressionStats" name="test_stats_endpoint" time="0.147"><failure message="assert 429 == 200&#10; +  where 429 = &lt;Response [429]&gt;.status_code">backend/tests/test_security_hardening.py:528: in test_stats_endpoint
    assert reg_resp.status_code == 200
E   assert 429 == 200
E    +  where 429 = &lt;Response [429]&gt;.status_code</failure></testcase><testcase classname="backend.tests.test_security_hardening.TestRegressionPermissions" name="test_permissions_crud" time="0.143"><failure message="assert 429 == 200&#10; +  where 429 = &lt;Response [429]&gt;.status_code">backend/tests/test_security_hardening.py:554: in test_permissions_crud
    assert reg_resp.status_code == 200
E   assert 429 == 200
E    +  where 429 = &lt;Response [429]&gt;.status_code</failure></testcase><testcase classname="backend.tests.test_security_hardening.TestRegressionWordExports" name="test_cars_export" time="0.153"><failure message="assert 429 == 200&#10; +  where 429 = &lt;Response [429]&gt;.status_code">backend/tests/test_security_hardening.py:585: in test_cars_export
    assert reg_resp.status_code == 200
E   assert 429 == 200
E    +  where 429 = &lt;Response [429]&gt;.status_code</failure></testcase></testsuite></testsuites>