<?xml version="1.0" encoding="utf-8"?><testsuites name="pytest tests"><testsuite name="pytest" errors="0" failures="0" skipped="0" tests="8" time="5.914" timestamp="2026-02-26T17:54:27.148506+00:00" hostname="agent-env-1e9d60bb-368e-493a-9cf1-183e4a72cd8d"><testcase classname="backend.tests.test_logo_upload.TestAuthWithLogo" name="test_login_returns_logo_url_field" time="0.800" /><testcase classname="backend.tests.test_logo_upload.TestAuthWithLogo" name="test_get_me_returns_logo_url" time="0.481" /><testcase classname="backend.tests.test_logo_upload.TestAuthWithLogo" name="test_update_profile_logo_url" time="0.701" /><testcase classname="backend.tests.test_logo_upload.TestFileUpload" name="test_upload_requires_auth" time="0.511" /><testcase classname="backend.tests.test_logo_upload.TestFileUpload" name="test_upload_image_success" time="0.746" /><testcase classname="backend.tests.test_logo_upload.TestFileUpload" name="test_upload_rejects_non_image" time="0.473" /><testcase classname="backend.tests.test_logo_upload.TestFileUpload" name="test_upload_accepts_jpeg" time="0.767" /><testcase classname="backend.tests.test_logo_upload.TestUploadAndSaveToProfile" name="test_upload_and_save_logo_to_profile" time="1.382" /></testsuite></testsuites>