<?xml version="1.0" encoding="utf-8"?><testsuites name="pytest tests"><testsuite name="pytest" errors="0" failures="0" skipped="0" tests="9" time="5.150" timestamp="2026-03-04T14:30:45.303887+00:00" hostname="agent-env-714bc901-6e41-4bcd-9180-3e26e3b6a517"><testcase classname="backend.tests.test_employee_filter_feature.TestEmployeeFilterFeature" name="test_employees_endpoint_returns_list" time="0.583" /><testcase classname="backend.tests.test_employee_filter_feature.TestEmployeeFilterFeature" name="test_employees_endpoint_contains_current_admin" time="0.472" /><testcase classname="backend.tests.test_employee_filter_feature.TestEmployeeFilterFeature" name="test_create_satis_employee_for_filter_testing" time="0.961" /><testcase classname="backend.tests.test_employee_filter_feature.TestEmployeeFilterFeature" name="test_transactions_have_created_by_field" time="0.577" /><testcase classname="backend.tests.test_employee_filter_feature.TestEmployeeFilterFeature" name="test_get_transactions_returns_created_by" time="0.683" /><testcase classname="backend.tests.test_employee_filter_feature.TestEmployeeFilterFeature" name="test_employees_endpoint_has_name_field" time="0.450" /><testcase classname="backend.tests.test_employee_filter_feature.TestEmployeeFilterFeature" name="test_employee_filter_with_created_by_param" time="0.465" /><testcase classname="backend.tests.test_employee_filter_feature.TestEmployeeRoleAccess" name="test_admin_can_access_employees" time="0.445" /><testcase classname="backend.tests.test_employee_filter_feature.TestEmployeeRoleAccess" name="test_employees_without_auth_fails" time="0.450" /></testsuite></testsuites>