<?xml version="1.0" encoding="utf-8"?><testsuites name="pytest tests"><testsuite name="pytest" errors="0" failures="0" skipped="0" tests="10" time="2.541" timestamp="2026-04-05T18:27:49.629407+00:00" hostname="agent-env-74536934-7ae4-430e-98cd-d28afed8f479"><testcase classname="backend.tests.test_sso_login.TestSSOLogin" name="test_sso_login_without_token" time="0.155" /><testcase classname="backend.tests.test_sso_login.TestSSOLogin" name="test_sso_login_with_empty_token" time="0.134" /><testcase classname="backend.tests.test_sso_login.TestSSOLogin" name="test_sso_login_with_invalid_token" time="0.446" /><testcase classname="backend.tests.test_sso_login.TestSSOLogin" name="test_sso_endpoint_exists" time="0.136" /><testcase classname="backend.tests.test_sso_login.TestNormalLogin" name="test_register_new_user" time="0.367" /><testcase classname="backend.tests.test_sso_login.TestNormalLogin" name="test_login_with_credentials" time="0.727" /><testcase classname="backend.tests.test_sso_login.TestNormalLogin" name="test_login_invalid_credentials" time="0.109" /><testcase classname="backend.tests.test_sso_login.TestQRLogin" name="test_generate_qr_session" time="0.101" /><testcase classname="backend.tests.test_sso_login.TestQRLogin" name="test_check_qr_status" time="0.201" /><testcase classname="backend.tests.test_sso_login.TestQRLogin" name="test_check_invalid_qr_session" time="0.101" /></testsuite></testsuites>