<?xml version="1.0" encoding="utf-8"?><testsuites name="pytest tests"><testsuite name="pytest" errors="0" failures="0" skipped="0" tests="15" time="5.115" timestamp="2026-02-25T20:05:30.833268+00:00" hostname="agent-env-25acd507-8847-481d-86f2-eae0985a7274"><testcase classname="backend.tests.test_export_upload_features.TestExcelExport" name="test_export_cars_excel" time="1.322" /><testcase classname="backend.tests.test_export_upload_features.TestExcelExport" name="test_export_customers_excel" time="0.208" /><testcase classname="backend.tests.test_export_upload_features.TestExcelExport" name="test_export_transactions_excel" time="0.201" /><testcase classname="backend.tests.test_export_upload_features.TestPDFExpertiseExport" name="test_export_expertise_pdf_for_existing_car" time="0.552" /><testcase classname="backend.tests.test_export_upload_features.TestPDFExpertiseExport" name="test_export_expertise_pdf_for_nonexistent_car" time="0.149" /><testcase classname="backend.tests.test_export_upload_features.TestFileUpload" name="test_upload_image_file" time="0.585" /><testcase classname="backend.tests.test_export_upload_features.TestFileUpload" name="test_upload_rejects_non_image" time="0.267" /><testcase classname="backend.tests.test_export_upload_features.TestFileDownload" name="test_download_uploaded_file" time="0.700" /><testcase classname="backend.tests.test_export_upload_features.TestCustomerEncryption" name="test_encrypt_customer_data" time="0.467" /><testcase classname="backend.tests.test_export_upload_features.TestCustomerEncryption" name="test_encrypt_nonexistent_customer_returns_404" time="0.146" /><testcase classname="backend.tests.test_export_upload_features.TestWhatsAppLinkFormat" name="test_whatsapp_link_format" time="0.000" /><testcase classname="backend.tests.test_export_upload_features.TestCapacitorConfig" name="test_capacitor_config_structure" time="0.001" /><testcase classname="backend.tests.test_export_upload_features.TestAuthRequired" name="test_export_cars_requires_auth" time="0.118" /><testcase classname="backend.tests.test_export_upload_features.TestAuthRequired" name="test_export_customers_requires_auth" time="0.139" /><testcase classname="backend.tests.test_export_upload_features.TestAuthRequired" name="test_upload_requires_auth" time="0.132" /></testsuite></testsuites>