<?xml version="1.0" encoding="utf-8"?><testsuites name="pytest tests"><testsuite name="pytest" errors="0" failures="0" skipped="0" tests="4" time="2.551" timestamp="2026-03-04T13:15:16.773803+00:00" hostname="agent-env-30450240-7c84-4ce1-acbc-326cf1cfef51"><testcase classname="backend.tests.test_deposit_customer.TestDepositCustomerInfo" name="test_get_cars_returns_deposit_customer_fields" time="0.486" /><testcase classname="backend.tests.test_deposit_customer.TestDepositCustomerInfo" name="test_patch_car_saves_deposit_customer_info" time="0.814" /><testcase classname="backend.tests.test_deposit_customer.TestDepositCustomerInfo" name="test_cancel_deposit_clears_customer_info" time="0.756" /><testcase classname="backend.tests.test_deposit_customer.TestDepositCustomerInfo" name="test_customers_endpoint_for_deposit_dropdown" time="0.446" /></testsuite></testsuites>