<?xml version="1.0" encoding="utf-8"?><testsuites name="pytest tests"><testsuite name="pytest" errors="0" failures="0" skipped="0" tests="8" time="2.110" timestamp="2026-04-14T08:05:39.351791+00:00" hostname="agent-env-74536934-7ae4-430e-98cd-d28afed8f479"><testcase classname="backend.tests.test_new_features.TestNewFeatures" name="test_01_health_check" time="1.185" /><testcase classname="backend.tests.test_new_features.TestNewFeatures" name="test_02_create_car_with_documents" time="0.148" /><testcase classname="backend.tests.test_new_features.TestNewFeatures" name="test_03_get_car_with_documents" time="0.135" /><testcase classname="backend.tests.test_new_features.TestNewFeatures" name="test_04_update_car_documents" time="0.161" /><testcase classname="backend.tests.test_new_features.TestNewFeatures" name="test_05_patch_car_expertise" time="0.106" /><testcase classname="backend.tests.test_new_features.TestNewFeatures" name="test_06_documents_structure_validation" time="0.107" /><testcase classname="backend.tests.test_new_features.TestNewFeatures" name="test_07_expertise_parts_validation" time="0.105" /><testcase classname="backend.tests.test_new_features.TestNewFeatures" name="test_08_delete_car" time="0.098" /></testsuite></testsuites>