<?xml version="1.0" encoding="utf-8"?><testsuites name="pytest tests"><testsuite name="pytest" errors="0" failures="0" skipped="0" tests="8" time="3.078" timestamp="2026-03-04T14:22:21.412723+00:00" hostname="agent-env-714bc901-6e41-4bcd-9180-3e26e3b6a517"><testcase classname="backend.tests.test_sold_by_feature.TestSoldByFeature" name="test_admin_login_success" time="0.565" /><testcase classname="backend.tests.test_sold_by_feature.TestSoldByFeature" name="test_satis_login_success" time="0.465" /><testcase classname="backend.tests.test_sold_by_feature.TestSoldByFeature" name="test_create_test_car_for_sale" time="0.118" /><testcase classname="backend.tests.test_sold_by_feature.TestSoldByFeature" name="test_patch_car_to_sold_auto_populates_sold_by" time="0.416" /><testcase classname="backend.tests.test_sold_by_feature.TestSoldByFeature" name="test_satis_sells_car_populates_their_name" time="0.355" /><testcase classname="backend.tests.test_sold_by_feature.TestSoldByFeature" name="test_cancel_sale_clears_sold_by_fields" time="0.504" /><testcase classname="backend.tests.test_sold_by_feature.TestSoldByFeature" name="test_cancel_sale_backend_logic" time="0.473" /><testcase classname="backend.tests.test_sold_by_feature.TestSoldByFeature" name="test_get_cars_returns_sold_by_fields" time="0.127" /></testsuite></testsuites>