<?xml version="1.0" encoding="utf-8"?><testsuites name="pytest tests"><testsuite name="pytest" errors="0" failures="0" skipped="0" tests="18" time="3.704" timestamp="2026-03-04T19:09:54.720950+00:00" hostname="agent-env-714bc901-6e41-4bcd-9180-3e26e3b6a517"><testcase classname="backend.tests.test_trash_softdelete_restore.TestTransactionSoftDelete" name="test_create_transaction" time="0.700" /><testcase classname="backend.tests.test_trash_softdelete_restore.TestTransactionSoftDelete" name="test_soft_delete_transaction" time="0.146" /><testcase classname="backend.tests.test_trash_softdelete_restore.TestTransactionSoftDelete" name="test_transaction_is_marked_deleted" time="0.181" /><testcase classname="backend.tests.test_trash_softdelete_restore.TestTransactionSoftDelete" name="test_restore_transaction" time="0.145" /><testcase classname="backend.tests.test_trash_softdelete_restore.TestTransactionSoftDelete" name="test_transaction_restored_in_list" time="0.202" /><testcase classname="backend.tests.test_trash_softdelete_restore.TestTransactionSoftDelete" name="test_permanent_delete_transaction" time="0.143" /><testcase classname="backend.tests.test_trash_softdelete_restore.TestTransactionSoftDelete" name="test_transaction_permanently_deleted" time="0.141" /><testcase classname="backend.tests.test_trash_softdelete_restore.TestAppointmentSoftDelete" name="test_create_appointment" time="0.133" /><testcase classname="backend.tests.test_trash_softdelete_restore.TestAppointmentSoftDelete" name="test_soft_delete_appointment" time="0.118" /><testcase classname="backend.tests.test_trash_softdelete_restore.TestAppointmentSoftDelete" name="test_appointment_is_marked_deleted" time="0.138" /><testcase classname="backend.tests.test_trash_softdelete_restore.TestAppointmentSoftDelete" name="test_restore_appointment" time="0.158" /><testcase classname="backend.tests.test_trash_softdelete_restore.TestAppointmentSoftDelete" name="test_appointment_restored_in_list" time="0.220" /><testcase classname="backend.tests.test_trash_softdelete_restore.TestAppointmentSoftDelete" name="test_permanent_delete_appointment" time="0.120" /><testcase classname="backend.tests.test_trash_softdelete_restore.TestAppointmentSoftDelete" name="test_appointment_permanently_deleted" time="0.129" /><testcase classname="backend.tests.test_trash_softdelete_restore.TestCarSoftDeleteExisting" name="test_car_soft_delete_restore" time="0.335" /><testcase classname="backend.tests.test_trash_softdelete_restore.TestCustomerSoftDeleteExisting" name="test_customer_soft_delete_restore" time="0.296" /><testcase classname="backend.tests.test_trash_softdelete_restore.TestRestoreNotFound" name="test_restore_nonexistent_transaction" time="0.130" /><testcase classname="backend.tests.test_trash_softdelete_restore.TestRestoreNotFound" name="test_restore_nonexistent_appointment" time="0.150" /></testsuite></testsuites>