<?xml version="1.0" encoding="utf-8"?><testsuites name="pytest tests"><testsuite name="pytest" errors="0" failures="0" skipped="0" tests="9" time="3.389" timestamp="2026-03-07T21:26:05.257390+00:00" hostname="agent-env-714bc901-6e41-4bcd-9180-3e26e3b6a517"><testcase classname="backend.tests.test_org_data_visibility.TestOrgDataVisibility" name="test_both_users_same_org" time="0.962" /><testcase classname="backend.tests.test_org_data_visibility.TestOrgDataVisibility" name="test_admin_creates_car_satis_can_see" time="0.377" /><testcase classname="backend.tests.test_org_data_visibility.TestOrgDataVisibility" name="test_satis_creates_car_admin_can_see" time="0.329" /><testcase classname="backend.tests.test_org_data_visibility.TestPermissionsEndpoint" name="test_get_permissions_returns_structure" time="0.119" /><testcase classname="backend.tests.test_org_data_visibility.TestPermissionsEndpoint" name="test_put_permissions_role_defaults" time="0.488" /><testcase classname="backend.tests.test_org_data_visibility.TestPermissionsEndpoint" name="test_put_permissions_user_overrides" time="0.456" /><testcase classname="backend.tests.test_org_data_visibility.TestPermissionsEndpoint" name="test_satis_cannot_update_permissions" time="0.117" /><testcase classname="backend.tests.test_org_data_visibility.TestCustomersOrgVisibility" name="test_admin_creates_customer_satis_can_see" time="0.370" /><testcase classname="backend.tests.test_org_data_visibility.TestEmployeesEndpoint" name="test_get_employees_returns_non_admin" time="0.104" /></testsuite></testsuites>