<?xml version="1.0" encoding="utf-8"?><testsuites name="pytest tests"><testsuite name="pytest" errors="0" failures="0" skipped="11" tests="11" time="4.391" timestamp="2026-03-16T22:08:41.117857+00:00" hostname="agent-env-1118a0de-593b-4b79-982d-3494fef2cf53"><testcase classname="backend.tests.test_year_end_transfer.TestYearEndTransfer" name="test_get_year_end_transfers_success" time="0.517"><skipped type="pytest.skip" message="Could not authenticate admin user">/app/backend/tests/test_year_end_transfer.py:83: Could not authenticate admin user</skipped></testcase><testcase classname="backend.tests.test_year_end_transfer.TestYearEndTransfer" name="test_get_year_end_transfers_no_auth" time="0.367"><skipped type="pytest.skip" message="Could not authenticate admin user">/app/backend/tests/test_year_end_transfer.py:95: Could not authenticate admin user</skipped></testcase><testcase classname="backend.tests.test_year_end_transfer.TestYearEndTransfer" name="test_create_year_end_transfer_success" time="0.622"><skipped type="pytest.skip" message="Could not authenticate admin user">/app/backend/tests/test_year_end_transfer.py:104: Could not authenticate admin user</skipped></testcase><testcase classname="backend.tests.test_year_end_transfer.TestYearEndTransfer" name="test_create_year_end_transfer_duplicate_rejected" time="0.388"><skipped type="pytest.skip" message="Could not authenticate admin user">/app/backend/tests/test_year_end_transfer.py:148: Could not authenticate admin user</skipped></testcase><testcase classname="backend.tests.test_year_end_transfer.TestYearEndTransfer" name="test_create_year_end_transfer_invalid_year" time="0.370"><skipped type="pytest.skip" message="Could not authenticate admin user">/app/backend/tests/test_year_end_transfer.py:176: Could not authenticate admin user</skipped></testcase><testcase classname="backend.tests.test_year_end_transfer.TestYearEndTransfer" name="test_create_year_end_transfer_missing_year" time="0.405"><skipped type="pytest.skip" message="Could not authenticate admin user">/app/backend/tests/test_year_end_transfer.py:187: Could not authenticate admin user</skipped></testcase><testcase classname="backend.tests.test_year_end_transfer.TestYearEndTransfer" name="test_create_year_end_transfer_no_auth" time="0.378"><skipped type="pytest.skip" message="Could not authenticate admin user">/app/backend/tests/test_year_end_transfer.py:198: Could not authenticate admin user</skipped></testcase><testcase classname="backend.tests.test_year_end_transfer.TestYearEndTransfer" name="test_verify_devir_transaction_created" time="0.367"><skipped type="pytest.skip" message="Could not authenticate admin user">/app/backend/tests/test_year_end_transfer.py:210: Could not authenticate admin user</skipped></testcase><testcase classname="backend.tests.test_year_end_transfer.TestYearEndTransferNonAdmin" name="test_nonadmin_cannot_get_transfers" time="0.368"><skipped type="pytest.skip" message="Could not register admin user (rate limited)">/app/backend/tests/test_year_end_transfer.py:315: Could not register admin user (rate limited)</skipped></testcase><testcase classname="backend.tests.test_year_end_transfer.TestYearEndTransferNonAdmin" name="test_nonadmin_cannot_create_transfer" time="0.138"><skipped type="pytest.skip" message="Could not register admin user (rate limited)">/app/backend/tests/test_year_end_transfer.py:325: Could not register admin user (rate limited)</skipped></testcase><testcase classname="backend.tests.test_year_end_transfer.TestYearEndTransferHistory" name="test_transfer_history_includes_all_fields" time="0.407"><skipped type="pytest.skip" message="Could not register (rate limited)">/app/backend/tests/test_year_end_transfer.py:361: Could not register (rate limited)</skipped></testcase></testsuite></testsuites>