<?xml version="1.0" encoding="utf-8"?><testsuites name="pytest tests"><testsuite name="pytest" errors="0" failures="0" skipped="0" tests="15" time="7.220" timestamp="2026-02-25T19:46:22.371963+00:00" hostname="agent-env-25acd507-8847-481d-86f2-eae0985a7274"><testcase classname="tests.test_gallery_crm_features.TestLoginAndAuth" name="test_health_check" time="0.233" /><testcase classname="tests.test_gallery_crm_features.TestLoginAndAuth" name="test_login_with_demo_credentials" time="0.519" /><testcase classname="tests.test_gallery_crm_features.TestLoginAndAuth" name="test_login_invalid_credentials" time="0.154" /><testcase classname="tests.test_gallery_crm_features.TestRegistrationWithEmailVerification" name="test_register_returns_verification_code" time="0.437" /><testcase classname="tests.test_gallery_crm_features.TestRegistrationWithEmailVerification" name="test_email_verification_with_correct_code" time="1.544" /><testcase classname="tests.test_gallery_crm_features.TestRegistrationWithEmailVerification" name="test_email_verification_with_wrong_code" time="0.521" /><testcase classname="tests.test_gallery_crm_features.TestRegistrationWithEmailVerification" name="test_registration_includes_phone_field" time="0.339" /><testcase classname="tests.test_gallery_crm_features.TestKVKKAccountDeletion" name="test_delete_account_endpoint_exists" time="0.147" /><testcase classname="tests.test_gallery_crm_features.TestKVKKAccountDeletion" name="test_delete_account_removes_all_user_data" time="0.839" /><testcase classname="tests.test_gallery_crm_features.TestExpertiseFields" name="test_create_car_with_expertise_score" time="0.527" /><testcase classname="tests.test_gallery_crm_features.TestExpertiseFields" name="test_create_car_with_tramer_amount" time="0.144" /><testcase classname="tests.test_gallery_crm_features.TestExpertiseFields" name="test_create_car_with_expertise_notes" time="0.229" /><testcase classname="tests.test_gallery_crm_features.TestExpertiseFields" name="test_create_car_with_all_expertise_fields" time="0.131" /><testcase classname="tests.test_gallery_crm_features.TestExpertiseFields" name="test_default_expertise_score_is_95" time="0.161" /><testcase classname="tests.test_gallery_crm_features.TestCleanup" name="test_cleanup_test_cars" time="1.194" /></testsuite></testsuites>