<?xml version="1.0" encoding="utf-8"?><testsuites name="pytest tests"><testsuite name="pytest" errors="0" failures="0" skipped="0" tests="10" time="3.739" timestamp="2026-03-03T23:11:45.050385+00:00" hostname="agent-env-30450240-7c84-4ce1-acbc-326cf1cfef51"><testcase classname="backend.tests.test_new_features.TestAuth" name="test_login_returns_role" time="0.899" /><testcase classname="backend.tests.test_new_features.TestUserManagement" name="test_get_users" time="0.481" /><testcase classname="backend.tests.test_new_features.TestUserManagement" name="test_get_employees" time="0.126" /><testcase classname="backend.tests.test_new_features.TestUserManagement" name="test_create_user_with_role" time="0.658" /><testcase classname="backend.tests.test_new_features.TestWordExport" name="test_export_transactions_word" time="0.508" /><testcase classname="backend.tests.test_new_features.TestWordExport" name="test_export_cars_word" time="0.187" /><testcase classname="backend.tests.test_new_features.TestWordExport" name="test_export_customers_word" time="0.143" /><testcase classname="backend.tests.test_new_features.TestCarsAPI" name="test_get_cars" time="0.451" /><testcase classname="backend.tests.test_new_features.TestHealthCheck" name="test_api_root" time="0.110" /><testcase classname="backend.tests.test_new_features.TestHealthCheck" name="test_health" time="0.111" /></testsuite></testsuites>